<?xml version="1.0" encoding="UTF-8"?>
<testsuite xmlns:xsi="http://www.w3.org/2001/XMLSchema-instance" xsi:noNamespaceSchemaLocation="https://maven.apache.org/surefire/maven-surefire-plugin/xsd/surefire-test-report.xsd" name="org.avioconsulting.maven.mulelinter.test.JsonReportFormatterTest" time="10.664" tests="2" errors="0" skipped="0" failures="0">
  <properties>
    <property name="gopherProxySet" value="false"/>
    <property name="awt.toolkit" value="sun.lwawt.macosx.LWCToolkit"/>
    <property name="file.encoding.pkg" value="sun.io"/>
    <property name="java.specification.version" value="1.8"/>
    <property name="sun.cpu.isalist" value=""/>
    <property name="sun.jnu.encoding" value="UTF-8"/>
    <property name="java.class.path" value="/Users/anusha.konakalla/mule-linter/mavenPlugin/target/test-classes:/Users/anusha.konakalla/mule-linter/mavenPlugin/target/classes:/Users/anusha.konakalla/.m2/repository/org/apache/maven/plugins/maven-plugin-plugin/3.6.1/maven-plugin-plugin-3.6.1.jar:/Users/anusha.konakalla/.m2/repository/org/apache/maven/maven-core/3.0/maven-core-3.0.jar:/Users/anusha.konakalla/.m2/repository/org/apache/maven/maven-settings-builder/3.0/maven-settings-builder-3.0.jar:/Users/anusha.konakalla/.m2/repository/org/apache/maven/maven-model-builder/3.0/maven-model-builder-3.0.jar:/Users/anusha.konakalla/.m2/repository/org/apache/maven/maven-aether-provider/3.0/maven-aether-provider-3.0.jar:/Users/anusha.konakalla/.m2/repository/org/sonatype/aether/aether-impl/1.7/aether-impl-1.7.jar:/Users/anusha.konakalla/.m2/repository/org/sonatype/aether/aether-spi/1.7/aether-spi-1.7.jar:/Users/anusha.konakalla/.m2/repository/org/sonatype/aether/aether-api/1.7/aether-api-1.7.jar:/Users/anusha.konakalla/.m2/repository/org/sonatype/aether/aether-util/1.7/aether-util-1.7.jar:/Users/anusha.konakalla/.m2/repository/org/codehaus/plexus/plexus-component-annotations/1.5.5/plexus-component-annotations-1.5.5.jar:/Users/anusha.konakalla/.m2/repository/org/sonatype/plexus/plexus-sec-dispatcher/1.3/plexus-sec-dispatcher-1.3.jar:/Users/anusha.konakalla/.m2/repository/org/sonatype/plexus/plexus-cipher/1.4/plexus-cipher-1.4.jar:/Users/anusha.konakalla/.m2/repository/org/apache/maven/maven-compat/3.0/maven-compat-3.0.jar:/Users/anusha.konakalla/.m2/repository/org/apache/maven/wagon/wagon-provider-api/1.0-beta-6/wagon-provider-api-1.0-beta-6.jar:/Users/anusha.konakalla/.m2/repository/org/apache/maven/plugin-tools/maven-plugin-tools-api/3.6.1/maven-plugin-tools-api-3.6.1.jar:/Users/anusha.konakalla/.m2/repository/org/apache/maven/plugin-tools/maven-plugin-tools-generators/3.6.1/maven-plugin-tools-generators-3.6.1.jar:/Users/anusha.konakalla/.m2/repository/org/apache/maven/reporting/maven-reporting-api/3.0/maven-reporting-api-3.0.jar:/Users/anusha.konakalla/.m2/repository/org/apache/velocity/velocity/1.7/velocity-1.7.jar:/Users/anusha.konakalla/.m2/repository/commons-lang/commons-lang/2.4/commons-lang-2.4.jar:/Users/anusha.konakalla/.m2/repository/org/ow2/asm/asm/9.1/asm-9.1.jar:/Users/anusha.konakalla/.m2/repository/org/ow2/asm/asm-commons/9.1/asm-commons-9.1.jar:/Users/anusha.konakalla/.m2/repository/org/ow2/asm/asm-tree/9.1/asm-tree-9.1.jar:/Users/anusha.konakalla/.m2/repository/org/ow2/asm/asm-analysis/9.1/asm-analysis-9.1.jar:/Users/anusha.konakalla/.m2/repository/net/sf/jtidy/jtidy/r938/jtidy-r938.jar:/Users/anusha.konakalla/.m2/repository/org/apache/maven/plugin-tools/maven-plugin-tools-java/3.6.1/maven-plugin-tools-java-3.6.1.jar:/Users/anusha.konakalla/.m2/repository/com/thoughtworks/qdox/qdox/2.0.0/qdox-2.0.0.jar:/Users/anusha.konakalla/.m2/repository/org/apache/maven/plugin-tools/maven-plugin-tools-annotations/3.6.1/maven-plugin-tools-annotations-3.6.1.jar:/Users/anusha.konakalla/.m2/repository/org/apache/maven/doxia/doxia-sink-api/1.9.1/doxia-sink-api-1.9.1.jar:/Users/anusha.konakalla/.m2/repository/org/apache/maven/doxia/doxia-logging-api/1.9.1/doxia-logging-api-1.9.1.jar:/Users/anusha.konakalla/.m2/repository/org/apache/maven/doxia/doxia-site-renderer/1.9.2/doxia-site-renderer-1.9.2.jar:/Users/anusha.konakalla/.m2/repository/org/apache/maven/doxia/doxia-core/1.9.1/doxia-core-1.9.1.jar:/Users/anusha.konakalla/.m2/repository/org/apache/httpcomponents/httpclient/4.5.8/httpclient-4.5.8.jar:/Users/anusha.konakalla/.m2/repository/commons-codec/commons-codec/1.11/commons-codec-1.11.jar:/Users/anusha.konakalla/.m2/repository/org/apache/httpcomponents/httpcore/4.4.11/httpcore-4.4.11.jar:/Users/anusha.konakalla/.m2/repository/org/apache/maven/doxia/doxia-decoration-model/1.9.2/doxia-decoration-model-1.9.2.jar:/Users/anusha.konakalla/.m2/repository/org/apache/maven/doxia/doxia-skin-model/1.9.2/doxia-skin-model-1.9.2.jar:/Users/anusha.konakalla/.m2/repository/org/apache/maven/doxia/doxia-module-xhtml/1.9.1/doxia-module-xhtml-1.9.1.jar:/Users/anusha.konakalla/.m2/repository/org/apache/maven/doxia/doxia-module-xhtml5/1.9.1/doxia-module-xhtml5-1.9.1.jar:/Users/anusha.konakalla/.m2/repository/org/codehaus/plexus/plexus-i18n/1.0-beta-10/plexus-i18n-1.0-beta-10.jar:/Users/anusha.konakalla/.m2/repository/org/apache/velocity/velocity-tools/2.0/velocity-tools-2.0.jar:/Users/anusha.konakalla/.m2/repository/commons-beanutils/commons-beanutils/1.7.0/commons-beanutils-1.7.0.jar:/Users/anusha.konakalla/.m2/repository/commons-digester/commons-digester/1.8/commons-digester-1.8.jar:/Users/anusha.konakalla/.m2/repository/commons-chain/commons-chain/1.1/commons-chain-1.1.jar:/Users/anusha.konakalla/.m2/repository/commons-logging/commons-logging/1.1/commons-logging-1.1.jar:/Users/anusha.konakalla/.m2/repository/dom4j/dom4j/1.1/dom4j-1.1.jar:/Users/anusha.konakalla/.m2/repository/oro/oro/2.0.8/oro-2.0.8.jar:/Users/anusha.konakalla/.m2/repository/commons-collections/commons-collections/3.2.2/commons-collections-3.2.2.jar:/Users/anusha.konakalla/.m2/repository/org/apache/maven/maven-model/3.0/maven-model-3.0.jar:/Users/anusha.konakalla/.m2/repository/org/apache/maven/maven-repository-metadata/3.0/maven-repository-metadata-3.0.jar:/Users/anusha.konakalla/.m2/repository/org/apache/maven/reporting/maven-reporting-impl/3.0.0/maven-reporting-impl-3.0.0.jar:/Users/anusha.konakalla/.m2/repository/org/apache/maven/shared/maven-shared-utils/3.2.0/maven-shared-utils-3.2.0.jar:/Users/anusha.konakalla/.m2/repository/org/codehaus/plexus/plexus-utils/3.3.0/plexus-utils-3.3.0.jar:/Users/anusha.konakalla/.m2/repository/org/sonatype/sisu/sisu-inject-plexus/1.4.2/sisu-inject-plexus-1.4.2.jar:/Users/anusha.konakalla/.m2/repository/org/sonatype/sisu/sisu-inject-bean/1.4.2/sisu-inject-bean-1.4.2.jar:/Users/anusha.konakalla/.m2/repository/org/sonatype/sisu/sisu-guice/2.1.7/sisu-guice-2.1.7-noaop.jar:/Users/anusha.konakalla/.m2/repository/org/codehaus/plexus/plexus-velocity/1.2/plexus-velocity-1.2.jar:/Users/anusha.konakalla/.m2/repository/org/apache/maven/maven-plugin-api/3.6.3/maven-plugin-api-3.6.3.jar:/Users/anusha.konakalla/.m2/repository/org/eclipse/sisu/org.eclipse.sisu.plexus/0.3.4/org.eclipse.sisu.plexus-0.3.4.jar:/Users/anusha.konakalla/.m2/repository/javax/enterprise/cdi-api/1.0/cdi-api-1.0.jar:/Users/anusha.konakalla/.m2/repository/javax/annotation/jsr250-api/1.0/jsr250-api-1.0.jar:/Users/anusha.konakalla/.m2/repository/javax/inject/javax.inject/1/javax.inject-1.jar:/Users/anusha.konakalla/.m2/repository/org/eclipse/sisu/org.eclipse.sisu.inject/0.3.4/org.eclipse.sisu.inject-0.3.4.jar:/Users/anusha.konakalla/.m2/repository/org/codehaus/plexus/plexus-classworlds/2.6.0/plexus-classworlds-2.6.0.jar:/Users/anusha.konakalla/.m2/repository/org/apache/maven/plugin-tools/maven-plugin-annotations/3.6.0/maven-plugin-annotations-3.6.0.jar:/Users/anusha.konakalla/.m2/repository/org/apache/maven/maven-project/2.2.1/maven-project-2.2.1.jar:/Users/anusha.konakalla/.m2/repository/org/apache/maven/maven-settings/2.2.1/maven-settings-2.2.1.jar:/Users/anusha.konakalla/.m2/repository/org/apache/maven/maven-profile/2.2.1/maven-profile-2.2.1.jar:/Users/anusha.konakalla/.m2/repository/org/apache/maven/maven-artifact-manager/2.2.1/maven-artifact-manager-2.2.1.jar:/Users/anusha.konakalla/.m2/repository/backport-util-concurrent/backport-util-concurrent/3.1/backport-util-concurrent-3.1.jar:/Users/anusha.konakalla/.m2/repository/org/apache/maven/maven-plugin-registry/2.2.1/maven-plugin-registry-2.2.1.jar:/Users/anusha.konakalla/.m2/repository/org/codehaus/plexus/plexus-interpolation/1.11/plexus-interpolation-1.11.jar:/Users/anusha.konakalla/.m2/repository/org/codehaus/plexus/plexus-container-default/1.0-alpha-9-stable-1/plexus-container-default-1.0-alpha-9-stable-1.jar:/Users/anusha.konakalla/.m2/repository/classworlds/classworlds/1.1-alpha-2/classworlds-1.1-alpha-2.jar:/Users/anusha.konakalla/.m2/repository/org/apache/maven/maven-artifact/3.3.9/maven-artifact-3.3.9.jar:/Users/anusha.konakalla/.m2/repository/org/apache/commons/commons-lang3/3.4/commons-lang3-3.4.jar:/Users/anusha.konakalla/.m2/repository/org/codehaus/groovy/groovy/3.0.0/groovy-3.0.0.jar:/Users/anusha.konakalla/.m2/repository/org/codehaus/groovy/groovy-ant/3.0.0/groovy-ant-3.0.0.jar:/Users/anusha.konakalla/.m2/repository/org/apache/ant/ant/1.10.7/ant-1.10.7.jar:/Library/Java/JavaVirtualMachines/jdk1.8.0_281.jdk/Contents/Home/jre/../lib/tools.jar:/Users/anusha.konakalla/.m2/repository/org/apache/ant/ant-junit/1.10.7/ant-junit-1.10.7.jar:/Users/anusha.konakalla/.m2/repository/org/apache/ant/ant-launcher/1.10.7/ant-launcher-1.10.7.jar:/Users/anusha.konakalla/.m2/repository/org/apache/ant/ant-antlr/1.10.7/ant-antlr-1.10.7.jar:/Users/anusha.konakalla/.m2/repository/org/codehaus/groovy/groovy-cli-picocli/3.0.0/groovy-cli-picocli-3.0.0.jar:/Users/anusha.konakalla/.m2/repository/org/codehaus/groovy/groovy-console/3.0.0/groovy-console-3.0.0.jar:/Users/anusha.konakalla/.m2/repository/org/codehaus/groovy/groovy-datetime/3.0.0/groovy-datetime-3.0.0.jar:/Users/anusha.konakalla/.m2/repository/org/codehaus/groovy/groovy-docgenerator/3.0.0/groovy-docgenerator-3.0.0.jar:/Users/anusha.konakalla/.m2/repository/org/codehaus/groovy/groovy-groovydoc/3.0.0/groovy-groovydoc-3.0.0.jar:/Users/anusha.konakalla/.m2/repository/com/github/javaparser/javaparser-core/3.15.11/javaparser-core-3.15.11.jar:/Users/anusha.konakalla/.m2/repository/org/codehaus/groovy/groovy-groovysh/3.0.0/groovy-groovysh-3.0.0.jar:/Users/anusha.konakalla/.m2/repository/jline/jline/2.14.6/jline-2.14.6.jar:/Users/anusha.konakalla/.m2/repository/org/codehaus/groovy/groovy-jmx/3.0.0/groovy-jmx-3.0.0.jar:/Users/anusha.konakalla/.m2/repository/org/codehaus/groovy/groovy-json/3.0.0/groovy-json-3.0.0.jar:/Users/anusha.konakalla/.m2/repository/org/codehaus/groovy/groovy-jsr223/3.0.0/groovy-jsr223-3.0.0.jar:/Users/anusha.konakalla/.m2/repository/org/codehaus/groovy/groovy-macro/3.0.0/groovy-macro-3.0.0.jar:/Users/anusha.konakalla/.m2/repository/org/codehaus/groovy/groovy-nio/3.0.0/groovy-nio-3.0.0.jar:/Users/anusha.konakalla/.m2/repository/org/codehaus/groovy/groovy-servlet/3.0.0/groovy-servlet-3.0.0.jar:/Users/anusha.konakalla/.m2/repository/org/codehaus/groovy/groovy-sql/3.0.0/groovy-sql-3.0.0.jar:/Users/anusha.konakalla/.m2/repository/org/codehaus/groovy/groovy-swing/3.0.0/groovy-swing-3.0.0.jar:/Users/anusha.konakalla/.m2/repository/org/codehaus/groovy/groovy-templates/3.0.0/groovy-templates-3.0.0.jar:/Users/anusha.konakalla/.m2/repository/org/codehaus/groovy/groovy-test/3.0.0/groovy-test-3.0.0.jar:/Users/anusha.konakalla/.m2/repository/org/codehaus/groovy/groovy-test-junit5/3.0.0/groovy-test-junit5-3.0.0.jar:/Users/anusha.konakalla/.m2/repository/org/junit/platform/junit-platform-launcher/1.6.0/junit-platform-launcher-1.6.0.jar:/Users/anusha.konakalla/.m2/repository/org/codehaus/groovy/groovy-testng/3.0.0/groovy-testng-3.0.0.jar:/Users/anusha.konakalla/.m2/repository/org/testng/testng/6.14.3/testng-6.14.3.jar:/Users/anusha.konakalla/.m2/repository/com/beust/jcommander/1.72/jcommander-1.72.jar:/Users/anusha.konakalla/.m2/repository/org/codehaus/groovy/groovy-xml/3.0.0/groovy-xml-3.0.0.jar:/Users/anusha.konakalla/.m2/repository/info/picocli/picocli/4.3.2/picocli-4.3.2.jar:/Users/anusha.konakalla/.m2/repository/junit/junit/4.13.2/junit-4.13.2.jar:/Users/anusha.konakalla/.m2/repository/org/hamcrest/hamcrest-core/1.3/hamcrest-core-1.3.jar:/Users/anusha.konakalla/.m2/repository/org/apache/maven/plugin-testing/maven-plugin-testing-harness/3.3.0/maven-plugin-testing-harness-3.3.0.jar:/Users/anusha.konakalla/.m2/repository/commons-io/commons-io/2.2/commons-io-2.2.jar:/Users/anusha.konakalla/.m2/repository/org/codehaus/plexus/plexus-archiver/2.2/plexus-archiver-2.2.jar:/Users/anusha.konakalla/.m2/repository/org/codehaus/plexus/plexus-io/2.0.4/plexus-io-2.0.4.jar:/Users/anusha.konakalla/.m2/repository/org/junit/jupiter/junit-jupiter-engine/5.8.0-M1/junit-jupiter-engine-5.8.0-M1.jar:/Users/anusha.konakalla/.m2/repository/org/apiguardian/apiguardian-api/1.1.1/apiguardian-api-1.1.1.jar:/Users/anusha.konakalla/.m2/repository/org/junit/platform/junit-platform-engine/1.8.0-M1/junit-platform-engine-1.8.0-M1.jar:/Users/anusha.konakalla/.m2/repository/org/opentest4j/opentest4j/1.2.0/opentest4j-1.2.0.jar:/Users/anusha.konakalla/.m2/repository/org/junit/platform/junit-platform-commons/1.8.0-M1/junit-platform-commons-1.8.0-M1.jar:/Users/anusha.konakalla/.m2/repository/org/junit/jupiter/junit-jupiter-api/5.8.0-M1/junit-jupiter-api-5.8.0-M1.jar:/Users/anusha.konakalla/.m2/repository/org/jetbrains/kotlin/kotlin-stdlib-jdk8/1.4.20/kotlin-stdlib-jdk8-1.4.20.jar:/Users/anusha.konakalla/.m2/repository/org/jetbrains/kotlin/kotlin-stdlib/1.4.20/kotlin-stdlib-1.4.20.jar:/Users/anusha.konakalla/.m2/repository/org/jetbrains/kotlin/kotlin-stdlib-common/1.4.20/kotlin-stdlib-common-1.4.20.jar:/Users/anusha.konakalla/.m2/repository/org/jetbrains/annotations/13.0/annotations-13.0.jar:/Users/anusha.konakalla/.m2/repository/org/jetbrains/kotlin/kotlin-stdlib-jdk7/1.4.20/kotlin-stdlib-jdk7-1.4.20.jar:/Users/anusha.konakalla/.m2/repository/com/soebes/itf/jupiter/extension/itf-jupiter-extension/0.9.0/itf-jupiter-extension-0.9.0.jar:/Users/anusha.konakalla/.m2/repository/com/soebes/itf/jupiter/extension/itf-extension-maven/0.9.0/itf-extension-maven-0.9.0.jar:/Users/anusha.konakalla/.m2/repository/org/assertj/assertj-core/3.19.0/assertj-core-3.19.0.jar:/Users/anusha.konakalla/.m2/repository/com/soebes/itf/jupiter/extension/itf-assertj/0.9.0/itf-assertj-0.9.0.jar:/Users/anusha.konakalla/.m2/repository/org/sonarsource/sonarqube/sonar-plugin-api/7.9.1/sonar-plugin-api-7.9.1.jar:"/>
    <property name="java.vm.vendor" value="Oracle Corporation"/>
    <property name="sun.arch.data.model" value="64"/>
    <property name="java.vendor.url" value="http://java.oracle.com/"/>
    <property name="user.timezone" value=""/>
    <property name="java.vm.specification.version" value="1.8"/>
    <property name="os.name" value="Mac OS X"/>
    <property name="user.country" value="US"/>
    <property name="sun.java.launcher" value="SUN_STANDARD"/>
    <property name="sun.boot.library.path" value="/Library/Java/JavaVirtualMachines/jdk1.8.0_281.jdk/Contents/Home/jre/lib"/>
    <property name="sun.java.command" value="/Users/anusha.konakalla/mule-linter/mavenPlugin/target/surefire/surefirebooter2629729721018473007.jar /Users/anusha.konakalla/mule-linter/mavenPlugin/target/surefire 2021-05-13T13-42-33_299-jvmRun1 surefire5105069152544722221tmp surefire_03374937766445857612tmp"/>
    <property name="surefire.test.class.path" value="/Users/anusha.konakalla/mule-linter/mavenPlugin/target/test-classes:/Users/anusha.konakalla/mule-linter/mavenPlugin/target/classes:/Users/anusha.konakalla/.m2/repository/org/apache/maven/plugins/maven-plugin-plugin/3.6.1/maven-plugin-plugin-3.6.1.jar:/Users/anusha.konakalla/.m2/repository/org/apache/maven/maven-core/3.0/maven-core-3.0.jar:/Users/anusha.konakalla/.m2/repository/org/apache/maven/maven-settings-builder/3.0/maven-settings-builder-3.0.jar:/Users/anusha.konakalla/.m2/repository/org/apache/maven/maven-model-builder/3.0/maven-model-builder-3.0.jar:/Users/anusha.konakalla/.m2/repository/org/apache/maven/maven-aether-provider/3.0/maven-aether-provider-3.0.jar:/Users/anusha.konakalla/.m2/repository/org/sonatype/aether/aether-impl/1.7/aether-impl-1.7.jar:/Users/anusha.konakalla/.m2/repository/org/sonatype/aether/aether-spi/1.7/aether-spi-1.7.jar:/Users/anusha.konakalla/.m2/repository/org/sonatype/aether/aether-api/1.7/aether-api-1.7.jar:/Users/anusha.konakalla/.m2/repository/org/sonatype/aether/aether-util/1.7/aether-util-1.7.jar:/Users/anusha.konakalla/.m2/repository/org/codehaus/plexus/plexus-component-annotations/1.5.5/plexus-component-annotations-1.5.5.jar:/Users/anusha.konakalla/.m2/repository/org/sonatype/plexus/plexus-sec-dispatcher/1.3/plexus-sec-dispatcher-1.3.jar:/Users/anusha.konakalla/.m2/repository/org/sonatype/plexus/plexus-cipher/1.4/plexus-cipher-1.4.jar:/Users/anusha.konakalla/.m2/repository/org/apache/maven/maven-compat/3.0/maven-compat-3.0.jar:/Users/anusha.konakalla/.m2/repository/org/apache/maven/wagon/wagon-provider-api/1.0-beta-6/wagon-provider-api-1.0-beta-6.jar:/Users/anusha.konakalla/.m2/repository/org/apache/maven/plugin-tools/maven-plugin-tools-api/3.6.1/maven-plugin-tools-api-3.6.1.jar:/Users/anusha.konakalla/.m2/repository/org/apache/maven/plugin-tools/maven-plugin-tools-generators/3.6.1/maven-plugin-tools-generators-3.6.1.jar:/Users/anusha.konakalla/.m2/repository/org/apache/maven/reporting/maven-reporting-api/3.0/maven-reporting-api-3.0.jar:/Users/anusha.konakalla/.m2/repository/org/apache/velocity/velocity/1.7/velocity-1.7.jar:/Users/anusha.konakalla/.m2/repository/commons-lang/commons-lang/2.4/commons-lang-2.4.jar:/Users/anusha.konakalla/.m2/repository/org/ow2/asm/asm/9.1/asm-9.1.jar:/Users/anusha.konakalla/.m2/repository/org/ow2/asm/asm-commons/9.1/asm-commons-9.1.jar:/Users/anusha.konakalla/.m2/repository/org/ow2/asm/asm-tree/9.1/asm-tree-9.1.jar:/Users/anusha.konakalla/.m2/repository/org/ow2/asm/asm-analysis/9.1/asm-analysis-9.1.jar:/Users/anusha.konakalla/.m2/repository/net/sf/jtidy/jtidy/r938/jtidy-r938.jar:/Users/anusha.konakalla/.m2/repository/org/apache/maven/plugin-tools/maven-plugin-tools-java/3.6.1/maven-plugin-tools-java-3.6.1.jar:/Users/anusha.konakalla/.m2/repository/com/thoughtworks/qdox/qdox/2.0.0/qdox-2.0.0.jar:/Users/anusha.konakalla/.m2/repository/org/apache/maven/plugin-tools/maven-plugin-tools-annotations/3.6.1/maven-plugin-tools-annotations-3.6.1.jar:/Users/anusha.konakalla/.m2/repository/org/apache/maven/doxia/doxia-sink-api/1.9.1/doxia-sink-api-1.9.1.jar:/Users/anusha.konakalla/.m2/repository/org/apache/maven/doxia/doxia-logging-api/1.9.1/doxia-logging-api-1.9.1.jar:/Users/anusha.konakalla/.m2/repository/org/apache/maven/doxia/doxia-site-renderer/1.9.2/doxia-site-renderer-1.9.2.jar:/Users/anusha.konakalla/.m2/repository/org/apache/maven/doxia/doxia-core/1.9.1/doxia-core-1.9.1.jar:/Users/anusha.konakalla/.m2/repository/org/apache/httpcomponents/httpclient/4.5.8/httpclient-4.5.8.jar:/Users/anusha.konakalla/.m2/repository/commons-codec/commons-codec/1.11/commons-codec-1.11.jar:/Users/anusha.konakalla/.m2/repository/org/apache/httpcomponents/httpcore/4.4.11/httpcore-4.4.11.jar:/Users/anusha.konakalla/.m2/repository/org/apache/maven/doxia/doxia-decoration-model/1.9.2/doxia-decoration-model-1.9.2.jar:/Users/anusha.konakalla/.m2/repository/org/apache/maven/doxia/doxia-skin-model/1.9.2/doxia-skin-model-1.9.2.jar:/Users/anusha.konakalla/.m2/repository/org/apache/maven/doxia/doxia-module-xhtml/1.9.1/doxia-module-xhtml-1.9.1.jar:/Users/anusha.konakalla/.m2/repository/org/apache/maven/doxia/doxia-module-xhtml5/1.9.1/doxia-module-xhtml5-1.9.1.jar:/Users/anusha.konakalla/.m2/repository/org/codehaus/plexus/plexus-i18n/1.0-beta-10/plexus-i18n-1.0-beta-10.jar:/Users/anusha.konakalla/.m2/repository/org/apache/velocity/velocity-tools/2.0/velocity-tools-2.0.jar:/Users/anusha.konakalla/.m2/repository/commons-beanutils/commons-beanutils/1.7.0/commons-beanutils-1.7.0.jar:/Users/anusha.konakalla/.m2/repository/commons-digester/commons-digester/1.8/commons-digester-1.8.jar:/Users/anusha.konakalla/.m2/repository/commons-chain/commons-chain/1.1/commons-chain-1.1.jar:/Users/anusha.konakalla/.m2/repository/commons-logging/commons-logging/1.1/commons-logging-1.1.jar:/Users/anusha.konakalla/.m2/repository/dom4j/dom4j/1.1/dom4j-1.1.jar:/Users/anusha.konakalla/.m2/repository/oro/oro/2.0.8/oro-2.0.8.jar:/Users/anusha.konakalla/.m2/repository/commons-collections/commons-collections/3.2.2/commons-collections-3.2.2.jar:/Users/anusha.konakalla/.m2/repository/org/apache/maven/maven-model/3.0/maven-model-3.0.jar:/Users/anusha.konakalla/.m2/repository/org/apache/maven/maven-repository-metadata/3.0/maven-repository-metadata-3.0.jar:/Users/anusha.konakalla/.m2/repository/org/apache/maven/reporting/maven-reporting-impl/3.0.0/maven-reporting-impl-3.0.0.jar:/Users/anusha.konakalla/.m2/repository/org/apache/maven/shared/maven-shared-utils/3.2.0/maven-shared-utils-3.2.0.jar:/Users/anusha.konakalla/.m2/repository/org/codehaus/plexus/plexus-utils/3.3.0/plexus-utils-3.3.0.jar:/Users/anusha.konakalla/.m2/repository/org/sonatype/sisu/sisu-inject-plexus/1.4.2/sisu-inject-plexus-1.4.2.jar:/Users/anusha.konakalla/.m2/repository/org/sonatype/sisu/sisu-inject-bean/1.4.2/sisu-inject-bean-1.4.2.jar:/Users/anusha.konakalla/.m2/repository/org/sonatype/sisu/sisu-guice/2.1.7/sisu-guice-2.1.7-noaop.jar:/Users/anusha.konakalla/.m2/repository/org/codehaus/plexus/plexus-velocity/1.2/plexus-velocity-1.2.jar:/Users/anusha.konakalla/.m2/repository/org/apache/maven/maven-plugin-api/3.6.3/maven-plugin-api-3.6.3.jar:/Users/anusha.konakalla/.m2/repository/org/eclipse/sisu/org.eclipse.sisu.plexus/0.3.4/org.eclipse.sisu.plexus-0.3.4.jar:/Users/anusha.konakalla/.m2/repository/javax/enterprise/cdi-api/1.0/cdi-api-1.0.jar:/Users/anusha.konakalla/.m2/repository/javax/annotation/jsr250-api/1.0/jsr250-api-1.0.jar:/Users/anusha.konakalla/.m2/repository/javax/inject/javax.inject/1/javax.inject-1.jar:/Users/anusha.konakalla/.m2/repository/org/eclipse/sisu/org.eclipse.sisu.inject/0.3.4/org.eclipse.sisu.inject-0.3.4.jar:/Users/anusha.konakalla/.m2/repository/org/codehaus/plexus/plexus-classworlds/2.6.0/plexus-classworlds-2.6.0.jar:/Users/anusha.konakalla/.m2/repository/org/apache/maven/plugin-tools/maven-plugin-annotations/3.6.0/maven-plugin-annotations-3.6.0.jar:/Users/anusha.konakalla/.m2/repository/org/apache/maven/maven-project/2.2.1/maven-project-2.2.1.jar:/Users/anusha.konakalla/.m2/repository/org/apache/maven/maven-settings/2.2.1/maven-settings-2.2.1.jar:/Users/anusha.konakalla/.m2/repository/org/apache/maven/maven-profile/2.2.1/maven-profile-2.2.1.jar:/Users/anusha.konakalla/.m2/repository/org/apache/maven/maven-artifact-manager/2.2.1/maven-artifact-manager-2.2.1.jar:/Users/anusha.konakalla/.m2/repository/backport-util-concurrent/backport-util-concurrent/3.1/backport-util-concurrent-3.1.jar:/Users/anusha.konakalla/.m2/repository/org/apache/maven/maven-plugin-registry/2.2.1/maven-plugin-registry-2.2.1.jar:/Users/anusha.konakalla/.m2/repository/org/codehaus/plexus/plexus-interpolation/1.11/plexus-interpolation-1.11.jar:/Users/anusha.konakalla/.m2/repository/org/codehaus/plexus/plexus-container-default/1.0-alpha-9-stable-1/plexus-container-default-1.0-alpha-9-stable-1.jar:/Users/anusha.konakalla/.m2/repository/classworlds/classworlds/1.1-alpha-2/classworlds-1.1-alpha-2.jar:/Users/anusha.konakalla/.m2/repository/org/apache/maven/maven-artifact/3.3.9/maven-artifact-3.3.9.jar:/Users/anusha.konakalla/.m2/repository/org/apache/commons/commons-lang3/3.4/commons-lang3-3.4.jar:/Users/anusha.konakalla/.m2/repository/org/codehaus/groovy/groovy/3.0.0/groovy-3.0.0.jar:/Users/anusha.konakalla/.m2/repository/org/codehaus/groovy/groovy-ant/3.0.0/groovy-ant-3.0.0.jar:/Users/anusha.konakalla/.m2/repository/org/apache/ant/ant/1.10.7/ant-1.10.7.jar:/Library/Java/JavaVirtualMachines/jdk1.8.0_281.jdk/Contents/Home/jre/../lib/tools.jar:/Users/anusha.konakalla/.m2/repository/org/apache/ant/ant-junit/1.10.7/ant-junit-1.10.7.jar:/Users/anusha.konakalla/.m2/repository/org/apache/ant/ant-launcher/1.10.7/ant-launcher-1.10.7.jar:/Users/anusha.konakalla/.m2/repository/org/apache/ant/ant-antlr/1.10.7/ant-antlr-1.10.7.jar:/Users/anusha.konakalla/.m2/repository/org/codehaus/groovy/groovy-cli-picocli/3.0.0/groovy-cli-picocli-3.0.0.jar:/Users/anusha.konakalla/.m2/repository/org/codehaus/groovy/groovy-console/3.0.0/groovy-console-3.0.0.jar:/Users/anusha.konakalla/.m2/repository/org/codehaus/groovy/groovy-datetime/3.0.0/groovy-datetime-3.0.0.jar:/Users/anusha.konakalla/.m2/repository/org/codehaus/groovy/groovy-docgenerator/3.0.0/groovy-docgenerator-3.0.0.jar:/Users/anusha.konakalla/.m2/repository/org/codehaus/groovy/groovy-groovydoc/3.0.0/groovy-groovydoc-3.0.0.jar:/Users/anusha.konakalla/.m2/repository/com/github/javaparser/javaparser-core/3.15.11/javaparser-core-3.15.11.jar:/Users/anusha.konakalla/.m2/repository/org/codehaus/groovy/groovy-groovysh/3.0.0/groovy-groovysh-3.0.0.jar:/Users/anusha.konakalla/.m2/repository/jline/jline/2.14.6/jline-2.14.6.jar:/Users/anusha.konakalla/.m2/repository/org/codehaus/groovy/groovy-jmx/3.0.0/groovy-jmx-3.0.0.jar:/Users/anusha.konakalla/.m2/repository/org/codehaus/groovy/groovy-json/3.0.0/groovy-json-3.0.0.jar:/Users/anusha.konakalla/.m2/repository/org/codehaus/groovy/groovy-jsr223/3.0.0/groovy-jsr223-3.0.0.jar:/Users/anusha.konakalla/.m2/repository/org/codehaus/groovy/groovy-macro/3.0.0/groovy-macro-3.0.0.jar:/Users/anusha.konakalla/.m2/repository/org/codehaus/groovy/groovy-nio/3.0.0/groovy-nio-3.0.0.jar:/Users/anusha.konakalla/.m2/repository/org/codehaus/groovy/groovy-servlet/3.0.0/groovy-servlet-3.0.0.jar:/Users/anusha.konakalla/.m2/repository/org/codehaus/groovy/groovy-sql/3.0.0/groovy-sql-3.0.0.jar:/Users/anusha.konakalla/.m2/repository/org/codehaus/groovy/groovy-swing/3.0.0/groovy-swing-3.0.0.jar:/Users/anusha.konakalla/.m2/repository/org/codehaus/groovy/groovy-templates/3.0.0/groovy-templates-3.0.0.jar:/Users/anusha.konakalla/.m2/repository/org/codehaus/groovy/groovy-test/3.0.0/groovy-test-3.0.0.jar:/Users/anusha.konakalla/.m2/repository/org/codehaus/groovy/groovy-test-junit5/3.0.0/groovy-test-junit5-3.0.0.jar:/Users/anusha.konakalla/.m2/repository/org/junit/platform/junit-platform-launcher/1.6.0/junit-platform-launcher-1.6.0.jar:/Users/anusha.konakalla/.m2/repository/org/codehaus/groovy/groovy-testng/3.0.0/groovy-testng-3.0.0.jar:/Users/anusha.konakalla/.m2/repository/org/testng/testng/6.14.3/testng-6.14.3.jar:/Users/anusha.konakalla/.m2/repository/com/beust/jcommander/1.72/jcommander-1.72.jar:/Users/anusha.konakalla/.m2/repository/org/codehaus/groovy/groovy-xml/3.0.0/groovy-xml-3.0.0.jar:/Users/anusha.konakalla/.m2/repository/info/picocli/picocli/4.3.2/picocli-4.3.2.jar:/Users/anusha.konakalla/.m2/repository/junit/junit/4.13.2/junit-4.13.2.jar:/Users/anusha.konakalla/.m2/repository/org/hamcrest/hamcrest-core/1.3/hamcrest-core-1.3.jar:/Users/anusha.konakalla/.m2/repository/org/apache/maven/plugin-testing/maven-plugin-testing-harness/3.3.0/maven-plugin-testing-harness-3.3.0.jar:/Users/anusha.konakalla/.m2/repository/commons-io/commons-io/2.2/commons-io-2.2.jar:/Users/anusha.konakalla/.m2/repository/org/codehaus/plexus/plexus-archiver/2.2/plexus-archiver-2.2.jar:/Users/anusha.konakalla/.m2/repository/org/codehaus/plexus/plexus-io/2.0.4/plexus-io-2.0.4.jar:/Users/anusha.konakalla/.m2/repository/org/junit/jupiter/junit-jupiter-engine/5.8.0-M1/junit-jupiter-engine-5.8.0-M1.jar:/Users/anusha.konakalla/.m2/repository/org/apiguardian/apiguardian-api/1.1.1/apiguardian-api-1.1.1.jar:/Users/anusha.konakalla/.m2/repository/org/junit/platform/junit-platform-engine/1.8.0-M1/junit-platform-engine-1.8.0-M1.jar:/Users/anusha.konakalla/.m2/repository/org/opentest4j/opentest4j/1.2.0/opentest4j-1.2.0.jar:/Users/anusha.konakalla/.m2/repository/org/junit/platform/junit-platform-commons/1.8.0-M1/junit-platform-commons-1.8.0-M1.jar:/Users/anusha.konakalla/.m2/repository/org/junit/jupiter/junit-jupiter-api/5.8.0-M1/junit-jupiter-api-5.8.0-M1.jar:/Users/anusha.konakalla/.m2/repository/org/jetbrains/kotlin/kotlin-stdlib-jdk8/1.4.20/kotlin-stdlib-jdk8-1.4.20.jar:/Users/anusha.konakalla/.m2/repository/org/jetbrains/kotlin/kotlin-stdlib/1.4.20/kotlin-stdlib-1.4.20.jar:/Users/anusha.konakalla/.m2/repository/org/jetbrains/kotlin/kotlin-stdlib-common/1.4.20/kotlin-stdlib-common-1.4.20.jar:/Users/anusha.konakalla/.m2/repository/org/jetbrains/annotations/13.0/annotations-13.0.jar:/Users/anusha.konakalla/.m2/repository/org/jetbrains/kotlin/kotlin-stdlib-jdk7/1.4.20/kotlin-stdlib-jdk7-1.4.20.jar:/Users/anusha.konakalla/.m2/repository/com/soebes/itf/jupiter/extension/itf-jupiter-extension/0.9.0/itf-jupiter-extension-0.9.0.jar:/Users/anusha.konakalla/.m2/repository/com/soebes/itf/jupiter/extension/itf-extension-maven/0.9.0/itf-extension-maven-0.9.0.jar:/Users/anusha.konakalla/.m2/repository/org/assertj/assertj-core/3.19.0/assertj-core-3.19.0.jar:/Users/anusha.konakalla/.m2/repository/com/soebes/itf/jupiter/extension/itf-assertj/0.9.0/itf-assertj-0.9.0.jar:/Users/anusha.konakalla/.m2/repository/org/sonarsource/sonarqube/sonar-plugin-api/7.9.1/sonar-plugin-api-7.9.1.jar:"/>
    <property name="sun.cpu.endian" value="little"/>
    <property name="user.home" value="/Users/anusha.konakalla"/>
    <property name="user.language" value="en"/>
    <property name="java.specification.vendor" value="Oracle Corporation"/>
    <property name="java.home" value="/Library/Java/JavaVirtualMachines/jdk1.8.0_281.jdk/Contents/Home/jre"/>
    <property name="basedir" value="/Users/anusha.konakalla/mule-linter/mavenPlugin"/>
    <property name="file.separator" value="/"/>
    <property name="line.separator" value="&#10;"/>
    <property name="java.vm.specification.vendor" value="Oracle Corporation"/>
    <property name="java.specification.name" value="Java Platform API Specification"/>
    <property name="java.awt.graphicsenv" value="sun.awt.CGraphicsEnvironment"/>
    <property name="surefire.real.class.path" value="/Users/anusha.konakalla/mule-linter/mavenPlugin/target/surefire/surefirebooter2629729721018473007.jar"/>
    <property name="sun.boot.class.path" value="/Library/Java/JavaVirtualMachines/jdk1.8.0_281.jdk/Contents/Home/jre/lib/resources.jar:/Library/Java/JavaVirtualMachines/jdk1.8.0_281.jdk/Contents/Home/jre/lib/rt.jar:/Library/Java/JavaVirtualMachines/jdk1.8.0_281.jdk/Contents/Home/jre/lib/sunrsasign.jar:/Library/Java/JavaVirtualMachines/jdk1.8.0_281.jdk/Contents/Home/jre/lib/jsse.jar:/Library/Java/JavaVirtualMachines/jdk1.8.0_281.jdk/Contents/Home/jre/lib/jce.jar:/Library/Java/JavaVirtualMachines/jdk1.8.0_281.jdk/Contents/Home/jre/lib/charsets.jar:/Library/Java/JavaVirtualMachines/jdk1.8.0_281.jdk/Contents/Home/jre/lib/jfr.jar:/Library/Java/JavaVirtualMachines/jdk1.8.0_281.jdk/Contents/Home/jre/classes"/>
    <property name="sun.management.compiler" value="HotSpot 64-Bit Tiered Compilers"/>
    <property name="java.runtime.version" value="1.8.0_281-b09"/>
    <property name="user.name" value="anusha.konakalla"/>
    <property name="path.separator" value=":"/>
    <property name="os.version" value="10.16"/>
    <property name="java.endorsed.dirs" value="/Library/Java/JavaVirtualMachines/jdk1.8.0_281.jdk/Contents/Home/jre/lib/endorsed"/>
    <property name="java.runtime.name" value="Java(TM) SE Runtime Environment"/>
    <property name="file.encoding" value="UTF-8"/>
    <property name="java.vm.name" value="Java HotSpot(TM) 64-Bit Server VM"/>
    <property name="localRepository" value="/Users/anusha.konakalla/.m2/repository"/>
    <property name="java.vendor.url.bug" value="http://bugreport.sun.com/bugreport/"/>
    <property name="java.io.tmpdir" value="/var/folders/w6/qwrctpjd7518pxs9q5j1m39m0000gp/T/"/>
    <property name="java.version" value="1.8.0_281"/>
    <property name="user.dir" value="/Users/anusha.konakalla/mule-linter/mavenPlugin"/>
    <property name="os.arch" value="x86_64"/>
    <property name="java.vm.specification.name" value="Java Virtual Machine Specification"/>
    <property name="java.awt.printerjob" value="sun.lwawt.macosx.CPrinterJob"/>
    <property name="sun.os.patch.level" value="unknown"/>
    <property name="java.library.path" value="/Users/anusha.konakalla/Library/Java/Extensions:/Library/Java/Extensions:/Network/Library/Java/Extensions:/System/Library/Java/Extensions:/usr/lib/java:."/>
    <property name="java.vm.info" value="mixed mode"/>
    <property name="java.vendor" value="Oracle Corporation"/>
    <property name="java.vm.version" value="25.281-b09"/>
    <property name="java.ext.dirs" value="/Users/anusha.konakalla/Library/Java/Extensions:/Library/Java/JavaVirtualMachines/jdk1.8.0_281.jdk/Contents/Home/jre/lib/ext:/Library/Java/Extensions:/Network/Library/Java/Extensions:/System/Library/Java/Extensions:/usr/lib/java"/>
    <property name="sun.io.unicode.encoding" value="UnicodeBig"/>
    <property name="java.class.version" value="52.0"/>
  </properties>
  <testcase name="getCorrectFormatter on getCorrectFormatter(org.avioconsulting.maven.mulelinter.test.JsonReportFormatterTest)" classname="org.avioconsulting.maven.mulelinter.test.JsonReportFormatterTest" time="0.006"/>
  <testcase name="testFormatterNoViolation on testFormatterNoViolation(org.avioconsulting.maven.mulelinter.test.JsonReportFormatterTest)" classname="org.avioconsulting.maven.mulelinter.test.JsonReportFormatterTest" time="0.403"/>
</testsuite>