<?xml version="1.0" encoding="UTF-8"?>
<!-- Generated by org.testng.reporters.JUnitReportReporter -->
<testsuite skipped="0" hostname="ac0078.local" name="org.avioconsulting.maven.mulelinter.test.JsonReportFormatterTest" tests="2" failures="0" timestamp="13 May 2021 17:42:45 GMT" time="0.434" errors="0">
  <testcase name="testFormatterNoViolation" time="0.418" classname="org.avioconsulting.maven.mulelinter.test.JsonReportFormatterTest"/>
  <testcase name="getCorrectFormatter" time="0.016" classname="org.avioconsulting.maven.mulelinter.test.JsonReportFormatterTest"/>
</testsuite> <!-- org.avioconsulting.maven.mulelinter.test.JsonReportFormatterTest -->
